TN:
SF:/home/tnewman/repos/dray/src/config.rs
FN:20,new
FN:29,get_ssh_keys
FN:33,{{closure}}
FN:34,{{closure}}
FN:48,{{closure}}
FN:55,{{closure}}
FN:64,test_get_ssh_keys_with_invalid_key
FN:70,create_config
FN:82,create_temp_key
FNF:9
FNDA:1,new
FNDA:2,get_ssh_keys
FNDA:4,{{closure}}
FNDA:4,{{closure}}
FNDA:3,{{closure}}
FNDA:3,{{closure}}
FNDA:4,test_get_ssh_keys_with_invalid_key
FNDA:1,create_config
FNDA:2,create_temp_key
DA:20,1
DA:21,1
DA:24,2
DA:26,1
DA:29,2
DA:30,2
DA:31,0
DA:33,4
DA:34,4
DA:37,3
DA:38,2
DA:48,3
DA:49,1
DA:51,3
DA:55,3
DA:56,1
DA:57,2
DA:59,3
DA:64,4
DA:65,1
DA:67,1
DA:70,1
DA:72,1
DA:74,1
DA:82,2
DA:83,2
DA:85,4
DA:87,2
DA:98,2
DA:100,2
LF:30
LH:29
end_of_record
TN:
SF:/home/tnewman/repos/dray/src/error.rs
FN:28,from
FN:34,from
FN:40,from
FN:46,from
FNF:4
FNDA:0,from
FNDA:0,from
FNDA:0,from
FNDA:1,from
DA:28,0
DA:29,0
DA:34,0
DA:35,0
DA:40,0
DA:41,0
DA:46,1
DA:47,1
LF:8
LH:2
end_of_record
TN:
SF:/home/tnewman/repos/dray/src/lib.rs
FN:41,new
FN:53,{{closure}}
FN:58,{{closure}}
FN:72,{{closure}}
FN:75,auth_publickey
FN:118,data
FN:144,new
FN:166,auth_publickey
FN:171,subsystem_request
FN:188,data
FN:200,finished_bool
FN:204,finished
FN:208,finished_auth
FNF:13
FNDA:1,new
FNDA:5,{{closure}}
FNDA:4,{{closure}}
FNDA:0,{{closure}}
FNDA:0,auth_publickey
FNDA:0,data
FNDA:0,new
FNDA:0,auth_publickey
FNDA:0,subsystem_request
FNDA:0,data
FNDA:0,finished_bool
FNDA:0,finished
FNDA:0,finished_auth
DA:41,1
DA:42,2
DA:43,2
DA:46,1
DA:49,1
DA:53,5
DA:54,4
DA:55,1
DA:58,4
DA:60,3
DA:66,2
DA:68,2
DA:70,4
DA:71,0
DA:72,0
DA:75,0
DA:80,0
DA:81,0
DA:82,0
DA:83,0
DA:85,0
DA:86,0
DA:87,0
DA:89,0
DA:91,0
DA:95,0
DA:97,0
DA:98,0
DA:99,0
DA:101,0
DA:105,0
DA:106,0
DA:109,0
DA:111,0
DA:112,0
DA:113,0
DA:118,0
DA:125,0
DA:127,0
DA:128,0
DA:129,0
DA:132,0
DA:133,0
DA:134,0
DA:137,0
DA:144,0
DA:146,0
DA:147,0
DA:148,0
DA:149,0
DA:166,0
DA:167,0
DA:168,0
DA:171,0
DA:177,0
DA:178,0
DA:179,0
DA:181,0
DA:182,0
DA:185,0
DA:188,0
DA:189,0
DA:190,0
DA:191,0
DA:192,0
DA:193,0
DA:194,0
DA:195,0
DA:200,0
DA:201,0
DA:204,0
DA:205,0
DA:208,0
DA:209,0
LF:74
LH:13
end_of_record
TN:
SF:/home/tnewman/repos/dray/src/main.rs
FN:9,main
FNF:1
FNDA:0,main
DA:9,0
DA:10,0
DA:12,0
DA:13,0
DA:16,0
DA:18,0
DA:20,0
DA:21,0
DA:23,0
DA:24,0
DA:26,0
DA:28,0
DA:30,0
LF:13
LH:0
end_of_record
TN:
SF:/home/tnewman/repos/dray/src/protocol/file_attributes.rs
FN:24,is_dir
FN:35,try_from
FN:74,from
FN:126,{{closure}}
FN:145,{{closure}}
FN:167,{{closure}}
FN:184,{{closure}}
FN:212,test_try_from_vector_creates_file_attributes_with_unset_fields
FN:240,{{closure}}
FN:252,{{closure}}
FN:261,{{closure}}
FN:270,{{closure}}
FNF:12
FNDA:3,is_dir
FNDA:1,try_from
FNDA:1,from
FNDA:3,{{closure}}
FNDA:3,{{closure}}
FNDA:3,{{closure}}
FNDA:3,{{closure}}
FNDA:3,test_try_from_vector_creates_file_attributes_with_unset_fields
FNDA:3,{{closure}}
FNDA:3,{{closure}}
FNDA:3,{{closure}}
FNDA:3,{{closure}}
DA:24,3
DA:25,1
DA:26,5
DA:27,1
DA:35,1
DA:36,2
DA:38,3
DA:39,4
DA:40,1
DA:42,1
DA:44,3
DA:45,1
DA:47,1
DA:49,3
DA:50,1
DA:52,1
DA:54,3
DA:55,1
DA:57,1
DA:59,3
DA:60,1
DA:62,1
DA:64,6
DA:65,1
DA:67,2
DA:74,1
DA:75,1
DA:77,1
DA:78,1
DA:81,1
DA:82,1
DA:85,1
DA:86,1
DA:89,1
DA:90,1
DA:93,2
DA:95,2
DA:97,5
DA:98,1
DA:101,3
DA:102,1
DA:103,1
DA:106,3
DA:107,1
DA:110,3
DA:111,1
DA:112,1
DA:115,2
DA:126,3
DA:131,1
DA:145,3
DA:147,1
DA:148,1
DA:149,1
DA:150,1
DA:151,1
DA:152,1
DA:155,1
DA:157,1
DA:158,2
DA:159,2
DA:160,2
DA:161,2
DA:162,2
DA:163,2
DA:167,3
DA:177,1
DA:179,1
DA:180,2
DA:184,3
DA:185,1
DA:187,1
DA:188,1
DA:189,1
DA:190,1
DA:191,1
DA:192,1
DA:193,1
DA:195,1
DA:198,1
DA:212,3
DA:213,1
DA:215,1
DA:216,1
DA:217,1
DA:218,1
DA:219,1
DA:220,1
DA:221,1
DA:223,1
DA:226,1
DA:240,3
DA:241,1
DA:243,1
DA:245,0
DA:247,2
DA:252,3
DA:253,1
DA:254,1
DA:255,1
DA:261,3
DA:262,1
DA:263,1
DA:264,1
DA:270,3
DA:271,1
DA:272,1
DA:273,1
LF:108
LH:107
end_of_record
TN:
SF:/home/tnewman/repos/dray/src/protocol/request/handle.rs
FN:16,get_request_id
FN:24,try_from
FN:42,{{closure}}
FN:58,{{closure}}
FN:70,test_parse_handle_with_invalid_handle
FN:83,test_get_request_id
FNF:6
FNDA:1,get_request_id
FNDA:2,try_from
FNDA:3,{{closure}}
FNDA:3,{{closure}}
FNDA:3,test_parse_handle_with_invalid_handle
FNDA:3,test_get_request_id
DA:16,1
DA:17,1
DA:24,2
DA:25,3
DA:26,3
DA:28,1
DA:42,3
DA:43,1
DA:45,1
DA:46,2
DA:48,2
DA:49,1
DA:50,1
DA:52,1
DA:58,3
DA:59,1
DA:61,1
DA:63,2
DA:64,2
DA:70,3
DA:71,1
DA:73,1
DA:74,1
DA:76,2
DA:77,1
DA:83,3
DA:86,1
DA:89,1
LF:28
LH:28
end_of_record
TN:
SF:/home/tnewman/repos/dray/src/protocol/request/handle_attributes.rs
FN:18,get_request_id
FN:26,try_from
FN:49,{{closure}}
FN:69,{{closure}}
FN:81,test_parse_handle_attributes_with_invalid_handle
FN:94,{{closure}}
FN:109,{{closure}}
FN:119,get_file_attributes
FNF:8
FNDA:1,get_request_id
FNDA:2,try_from
FNDA:3,{{closure}}
FNDA:3,{{closure}}
FNDA:3,test_parse_handle_attributes_with_invalid_handle
FNDA:3,{{closure}}
FNDA:3,{{closure}}
FNDA:1,get_file_attributes
DA:18,1
DA:19,1
DA:26,2
DA:27,3
DA:28,3
DA:29,5
DA:31,1
DA:32,0
DA:33,1
DA:34,1
DA:49,3
DA:50,1
DA:52,1
DA:53,2
DA:55,1
DA:56,1
DA:58,1
DA:59,1
DA:60,1
DA:62,1
DA:63,1
DA:69,3
DA:70,1
DA:72,1
DA:74,1
DA:75,2
DA:81,3
DA:82,1
DA:84,1
DA:85,1
DA:87,1
DA:88,1
DA:94,3
DA:95,1
DA:97,1
DA:98,2
DA:100,1
DA:102,1
DA:103,1
DA:109,3
DA:112,1
DA:113,1
DA:116,1
DA:119,1
LF:44
LH:43
end_of_record
TN:
SF:/home/tnewman/repos/dray/src/protocol/request/init.rs
FN:15,get_request_id
FN:23,try_from
FN:37,{{closure}}
FN:49,{{closure}}
FN:59,{{closure}}
FNF:5
FNDA:1,get_request_id
FNDA:1,try_from
FNDA:3,{{closure}}
FNDA:3,{{closure}}
FNDA:3,{{closure}}
DA:15,1
DA:16,0
DA:23,1
DA:24,1
DA:25,2
DA:37,3
DA:38,1
DA:40,1
DA:42,1
DA:43,2
DA:49,3
DA:50,1
DA:52,1
DA:53,1
DA:59,3
DA:60,1
DA:62,1
LF:17
LH:16
end_of_record
TN:
SF:/home/tnewman/repos/dray/src/protocol/request/mod.rs
FN:52,get_request_id
FN:80,try_from
FN:119,try_from
FN:136,test_parse_empty_message
FN:143,test_parse_invalid_message
FN:154,test_parse_init_message
FN:165,test_parse_invalid_init_message
FN:170,test_parse_open_message
FN:189,test_parse_invalid_open_message
FN:194,test_parse_close_message
FN:210,test_parse_invalid_close_message
FN:215,test_parse_read_message
FN:235,test_parse_invalid_read_message
FN:239,test_parse_write_message
FN:259,test_parse_invalid_write_message
FN:264,test_parse_lstat_message
FN:280,test_parse_invalid_lstat_message
FN:285,test_parse_fstat_message
FN:301,test_parse_invalid_fstat_message
FN:306,test_parse_setstat_message
FN:324,test_parse_invalid_setstat_message
FN:329,test_parse_fsetstat_message
FN:347,test_parse_invalid_fsetstat_message
FN:352,test_parse_opendir_message
FN:368,test_parse_invalid_opendir_message
FN:373,test_parse_readdir_message
FN:389,test_parse_invalid_readdir_message
FN:394,test_parse_remove_message
FN:410,test_parse_invalid_remove_message
FN:415,test_parse_mkdir_message
FN:433,test_parse_invalid_mkdir_message
FN:438,test_parse_rmdir_message
FN:454,test_parse_invalid_rmdir_message
FN:459,test_parse_realpath_message
FN:475,test_parse_invalid_realpath_message
FN:480,test_parse_stat_message
FN:496,test_parse_invalid_stat_message
FN:501,test_parse_rename_message
FN:519,test_parse_invalid_rename_message
FN:524,test_parse_readlink_message
FN:540,test_parse_invalid_readlink_mesage
FN:545,test_parse_symlink_message
FN:563,test_parse_invalid_symlink_message
FN:568,test_init_get_request_id
FN:575,test_open_get_request_id
FN:587,test_close_get_request_id
FN:597,test_read_get_request_id
FN:609,test_write_get_request_id
FN:621,test_lstat_get_request_id
FN:631,test_fstat_get_request_id
FN:641,test_setstat_get_request_id
FN:652,test_fsetstat_get_request_id
FN:663,test_opendir_get_request_id
FN:673,test_readdir_get_request_id
FN:683,test_remove_get_request_id
FN:693,test_mkdir_get_request_id
FN:704,test_rmdir_get_request_id
FN:714,test_realpath_get_request_id
FN:724,test_stat_get_request_id
FN:734,test_rename_get_request_id
FN:745,test_readlink_get_request_id
FN:755,test_symlink_get_request_id
FN:765,assert_invalid_message
FN:774,build_message
FN:787,get_file_attrs
FN:798,get_open_options
FNF:66
FNDA:1,get_request_id
FNDA:1,try_from
FNDA:0,try_from
FNDA:3,test_parse_empty_message
FNDA:3,test_parse_invalid_message
FNDA:3,test_parse_init_message
FNDA:3,test_parse_invalid_init_message
FNDA:3,test_parse_open_message
FNDA:3,test_parse_invalid_open_message
FNDA:3,test_parse_close_message
FNDA:3,test_parse_invalid_close_message
FNDA:3,test_parse_read_message
FNDA:3,test_parse_invalid_read_message
FNDA:3,test_parse_write_message
FNDA:3,test_parse_invalid_write_message
FNDA:3,test_parse_lstat_message
FNDA:3,test_parse_invalid_lstat_message
FNDA:3,test_parse_fstat_message
FNDA:3,test_parse_invalid_fstat_message
FNDA:3,test_parse_setstat_message
FNDA:3,test_parse_invalid_setstat_message
FNDA:3,test_parse_fsetstat_message
FNDA:3,test_parse_invalid_fsetstat_message
FNDA:3,test_parse_opendir_message
FNDA:3,test_parse_invalid_opendir_message
FNDA:3,test_parse_readdir_message
FNDA:3,test_parse_invalid_readdir_message
FNDA:3,test_parse_remove_message
FNDA:3,test_parse_invalid_remove_message
FNDA:3,test_parse_mkdir_message
FNDA:3,test_parse_invalid_mkdir_message
FNDA:3,test_parse_rmdir_message
FNDA:3,test_parse_invalid_rmdir_message
FNDA:3,test_parse_realpath_message
FNDA:3,test_parse_invalid_realpath_message
FNDA:3,test_parse_stat_message
FNDA:3,test_parse_invalid_stat_message
FNDA:3,test_parse_rename_message
FNDA:3,test_parse_invalid_rename_message
FNDA:3,test_parse_readlink_message
FNDA:3,test_parse_invalid_readlink_mesage
FNDA:3,test_parse_symlink_message
FNDA:3,test_parse_invalid_symlink_message
FNDA:3,test_init_get_request_id
FNDA:3,test_open_get_request_id
FNDA:3,test_close_get_request_id
FNDA:3,test_read_get_request_id
FNDA:3,test_write_get_request_id
FNDA:3,test_lstat_get_request_id
FNDA:3,test_fstat_get_request_id
FNDA:3,test_setstat_get_request_id
FNDA:3,test_fsetstat_get_request_id
FNDA:3,test_opendir_get_request_id
FNDA:3,test_readdir_get_request_id
FNDA:3,test_remove_get_request_id
FNDA:3,test_mkdir_get_request_id
FNDA:3,test_rmdir_get_request_id
FNDA:3,test_realpath_get_request_id
FNDA:3,test_stat_get_request_id
FNDA:3,test_rename_get_request_id
FNDA:3,test_readlink_get_request_id
FNDA:3,test_symlink_get_request_id
FNDA:5,assert_invalid_message
FNDA:6,build_message
FNDA:3,get_file_attrs
FNDA:1,get_open_options
DA:52,1
DA:53,0
DA:54,6
DA:55,1
DA:56,1
DA:57,1
DA:58,1
DA:59,1
DA:60,1
DA:61,1
DA:62,1
DA:63,1
DA:64,1
DA:65,1
DA:66,1
DA:67,1
DA:68,1
DA:69,1
DA:70,1
DA:71,1
DA:72,1
DA:80,1
DA:81,2
DA:82,0
DA:85,2
DA:86,8
DA:87,9
DA:89,19
DA:90,6
DA:91,3
DA:92,3
DA:93,3
DA:94,3
DA:95,3
DA:96,5
DA:97,3
DA:98,5
DA:99,3
DA:100,3
DA:101,3
DA:102,3
DA:103,3
DA:104,3
DA:105,3
DA:106,3
DA:107,3
DA:108,4
DA:109,0
DA:112,1
DA:119,0
DA:120,0
DA:136,3
DA:137,1
DA:139,2
DA:143,3
DA:144,1
DA:145,1
DA:147,1
DA:148,2
DA:154,3
DA:155,1
DA:156,1
DA:158,1
DA:159,2
DA:165,3
DA:170,3
DA:171,1
DA:172,1
DA:173,2
DA:174,1
DA:175,1
DA:177,1
DA:178,1
DA:179,1
DA:181,1
DA:182,1
DA:183,2
DA:189,3
DA:194,3
DA:195,1
DA:197,1
DA:198,2
DA:200,2
DA:201,1
DA:202,1
DA:204,1
DA:210,3
DA:215,3
DA:216,1
DA:218,1
DA:219,2
DA:220,1
DA:221,1
DA:223,2
DA:224,1
DA:225,1
DA:227,1
DA:235,3
DA:239,3
DA:240,1
DA:242,1
DA:243,2
DA:244,1
DA:245,1
DA:247,2
DA:248,1
DA:249,1
DA:251,1
DA:253,1
DA:259,3
DA:264,3
DA:265,1
DA:267,1
DA:268,2
DA:270,2
DA:271,1
DA:272,1
DA:274,1
DA:280,3
DA:285,3
DA:286,1
DA:288,1
DA:289,2
DA:291,2
DA:292,1
DA:293,1
DA:295,1
DA:301,3
DA:306,3
DA:307,1
DA:309,1
DA:310,2
DA:311,1
DA:313,2
DA:314,1
DA:315,1
DA:317,1
DA:318,1
DA:324,3
DA:329,3
DA:330,1
DA:332,1
DA:333,2
DA:334,1
DA:336,2
DA:337,1
DA:338,1
DA:340,1
DA:341,1
DA:347,3
DA:352,3
DA:353,1
DA:355,1
DA:356,2
DA:358,1
DA:359,1
DA:360,1
DA:362,1
DA:368,3
DA:373,3
DA:374,1
DA:376,1
DA:377,2
DA:379,1
DA:380,1
DA:381,1
DA:383,1
DA:389,3
DA:394,3
DA:395,1
DA:397,1
DA:398,2
DA:400,1
DA:401,1
DA:402,1
DA:404,1
DA:410,3
DA:415,3
DA:416,1
DA:418,1
DA:419,2
DA:420,1
DA:422,2
DA:423,1
DA:424,1
DA:426,1
DA:427,1
DA:433,3
DA:438,3
DA:439,1
DA:441,1
DA:442,2
DA:444,1
DA:445,1
DA:446,1
DA:448,1
DA:454,3
DA:459,3
DA:460,1
DA:462,1
DA:463,2
DA:465,1
DA:466,1
DA:467,1
DA:469,1
DA:475,3
DA:480,3
DA:481,1
DA:483,1
DA:484,2
DA:486,1
DA:487,1
DA:488,1
DA:490,1
DA:496,3
DA:501,3
DA:502,1
DA:504,1
DA:505,2
DA:506,1
DA:508,2
DA:509,1
DA:510,1
DA:512,1
DA:513,1
DA:519,3
DA:524,3
DA:525,1
DA:527,1
DA:528,2
DA:530,1
DA:531,1
DA:532,1
DA:534,1
DA:540,3
DA:545,3
DA:546,1
DA:548,1
DA:549,2
DA:550,1
DA:552,2
DA:553,1
DA:554,1
DA:556,1
DA:557,1
DA:563,3
DA:568,3
DA:569,1
DA:571,1
DA:575,3
DA:576,1
DA:578,1
DA:579,1
DA:580,2
DA:583,2
DA:587,3
DA:588,1
DA:590,1
DA:593,1
DA:597,3
DA:598,1
DA:600,1
DA:605,1
DA:609,3
DA:610,1
DA:612,1
DA:614,1
DA:617,2
DA:621,3
DA:622,1
DA:624,1
DA:627,1
DA:631,3
DA:632,1
DA:634,1
DA:637,1
DA:641,3
DA:642,1
DA:644,1
DA:645,1
DA:648,2
DA:652,3
DA:653,1
DA:655,1
DA:656,1
DA:659,2
DA:663,3
DA:664,1
DA:666,1
DA:669,1
DA:673,3
DA:674,1
DA:676,1
DA:679,1
DA:683,3
DA:684,1
DA:686,1
DA:689,1
DA:693,3
DA:694,1
DA:696,1
DA:697,1
DA:700,2
DA:704,3
DA:705,1
DA:707,1
DA:710,1
DA:714,3
DA:715,1
DA:717,1
DA:720,1
DA:724,3
DA:725,1
DA:727,1
DA:730,1
DA:734,3
DA:735,1
DA:737,1
DA:738,1
DA:741,2
DA:745,3
DA:746,1
DA:748,1
DA:751,1
DA:755,3
DA:756,1
DA:758,1
DA:759,1
DA:762,2
DA:765,5
DA:766,5
DA:768,6
DA:769,5
DA:774,6
DA:775,6
DA:778,9
DA:780,17
DA:781,8
DA:782,1
DA:784,8
DA:787,3
DA:798,1
LF:342
LH:337
end_of_record
TN:
SF:/home/tnewman/repos/dray/src/protocol/request/open.rs
FN:26,get_request_id
FN:34,try_from
FN:63,try_from
FN:87,test_parse_open
FN:120,test_parse_open_with_empty_data
FN:125,test_parse_open_with_invalid_id
FN:137,test_parse_open_with_invalid_filename
FN:151,test_parse_open_with_invalid_open_options
FN:167,test_parse_open_with_invalid_file_attributes
FN:185,test_parse_open_options_with_no_flags
FN:197,test_parse_open_options_with_read_flag
FN:212,test_parse_open_options_with_write_flag
FN:227,test_parse_open_options_with_create_flag
FN:242,test_parse_open_options_with_create_new_only_flag
FN:257,test_parse_open_options_with_append_flag
FN:272,test_parse_open_options_with_truncate_flag
FN:287,test_parse_invalid_open_options
FN:295,test_get_request_id
FN:306,get_file_attributes
FN:317,get_open_options
FNF:20
FNDA:1,get_request_id
FNDA:1,try_from
FNDA:1,try_from
FNDA:3,test_parse_open
FNDA:3,test_parse_open_with_empty_data
FNDA:3,test_parse_open_with_invalid_id
FNDA:3,test_parse_open_with_invalid_filename
FNDA:3,test_parse_open_with_invalid_open_options
FNDA:3,test_parse_open_with_invalid_file_attributes
FNDA:3,test_parse_open_options_with_no_flags
FNDA:3,test_parse_open_options_with_read_flag
FNDA:3,test_parse_open_options_with_write_flag
FNDA:3,test_parse_open_options_with_create_flag
FNDA:3,test_parse_open_options_with_create_new_only_flag
FNDA:3,test_parse_open_options_with_append_flag
FNDA:3,test_parse_open_options_with_truncate_flag
FNDA:3,test_parse_invalid_open_options
FNDA:3,test_get_request_id
FNDA:1,get_file_attributes
FNDA:1,get_open_options
DA:26,1
DA:27,1
DA:34,1
DA:35,2
DA:36,3
DA:38,4
DA:39,3
DA:41,1
DA:42,0
DA:43,1
DA:44,1
DA:45,1
DA:63,1
DA:64,2
DA:66,6
DA:67,2
DA:68,1
DA:69,6
DA:70,1
DA:71,6
DA:72,1
DA:87,3
DA:88,1
DA:90,1
DA:91,2
DA:92,1
DA:95,1
DA:99,1
DA:101,1
DA:102,1
DA:103,1
DA:105,1
DA:106,1
DA:108,2
DA:110,1
DA:111,1
DA:112,1
DA:113,1
DA:120,3
DA:121,1
DA:125,3
DA:126,1
DA:128,1
DA:130,1
DA:131,2
DA:137,3
DA:138,1
DA:140,1
DA:142,1
DA:144,1
DA:145,1
DA:151,3
DA:152,1
DA:154,1
DA:156,1
DA:157,1
DA:158,1
DA:160,1
DA:161,1
DA:167,3
DA:168,1
DA:170,1
DA:172,1
DA:173,1
DA:174,1
DA:176,1
DA:178,1
DA:179,1
DA:185,3
DA:186,1
DA:188,1
DA:190,1
DA:191,2
DA:192,2
DA:197,3
DA:198,1
DA:200,1
DA:202,1
DA:203,2
DA:204,1
DA:206,2
DA:212,3
DA:213,1
DA:215,1
DA:217,1
DA:218,2
DA:219,1
DA:221,2
DA:227,3
DA:228,1
DA:230,1
DA:232,1
DA:233,2
DA:234,1
DA:236,2
DA:242,3
DA:243,1
DA:245,1
DA:247,1
DA:248,2
DA:249,1
DA:251,2
DA:257,3
DA:258,1
DA:260,1
DA:262,1
DA:263,2
DA:264,1
DA:266,2
DA:272,3
DA:273,1
DA:275,1
DA:277,1
DA:278,2
DA:279,1
DA:281,2
DA:287,3
DA:288,1
DA:289,1
DA:295,3
DA:298,1
DA:299,1
DA:300,2
DA:303,2
DA:306,1
DA:317,1
LF:126
LH:125
end_of_record
TN:
SF:/home/tnewman/repos/dray/src/protocol/request/path.rs
FN:16,to_normalized_path
FN:46,get_request_id
FN:54,try_from
FN:72,{{closure}}
FN:88,{{closure}}
FN:100,{{closure}}
FN:113,{{closure}}
FN:120,{{closure}}
FN:127,{{closure}}
FN:134,{{closure}}
FN:141,{{closure}}
FN:148,{{closure}}
FN:155,{{closure}}
FN:162,{{closure}}
FN:171,create_path
FNF:15
FNDA:3,to_normalized_path
FNDA:1,get_request_id
FNDA:2,try_from
FNDA:3,{{closure}}
FNDA:3,{{closure}}
FNDA:3,{{closure}}
FNDA:3,{{closure}}
FNDA:3,{{closure}}
FNDA:3,{{closure}}
FNDA:3,{{closure}}
FNDA:3,{{closure}}
FNDA:3,{{closure}}
FNDA:3,{{closure}}
FNDA:3,{{closure}}
FNDA:3,create_path
DA:16,3
DA:17,3
DA:18,3
DA:20,12
DA:21,3
DA:22,3
DA:23,6
DA:24,7
DA:25,0
DA:26,7
DA:27,1
DA:29,3
DA:35,2
DA:36,2
DA:37,2
DA:38,3
DA:40,2
DA:46,1
DA:47,1
DA:54,2
DA:55,4
DA:56,5
DA:58,1
DA:72,3
DA:73,1
DA:75,1
DA:76,2
DA:78,1
DA:79,1
DA:80,1
DA:82,1
DA:88,3
DA:89,1
DA:91,1
DA:93,1
DA:94,2
DA:100,3
DA:101,1
DA:103,1
DA:104,1
DA:106,1
DA:107,1
DA:113,3
DA:114,1
DA:116,2
DA:120,3
DA:121,1
DA:123,2
DA:127,3
DA:128,1
DA:130,2
DA:134,3
DA:135,1
DA:137,2
DA:141,3
DA:142,1
DA:144,2
DA:148,3
DA:149,1
DA:151,2
DA:155,3
DA:156,1
DA:158,2
DA:162,3
DA:165,1
DA:168,1
DA:171,3
DA:174,3
LF:68
LH:67
end_of_record
TN:
SF:/home/tnewman/repos/dray/src/protocol/request/path_attributes.rs
FN:18,get_request_id
FN:26,try_from
FN:49,{{closure}}
FN:69,{{closure}}
FN:81,test_parse_path_attributes_with_invalid_path
FN:94,{{closure}}
FN:109,{{closure}}
FN:119,get_file_attributes
FNF:8
FNDA:1,get_request_id
FNDA:2,try_from
FNDA:3,{{closure}}
FNDA:3,{{closure}}
FNDA:3,test_parse_path_attributes_with_invalid_path
FNDA:3,{{closure}}
FNDA:3,{{closure}}
FNDA:1,get_file_attributes
DA:18,1
DA:19,1
DA:26,2
DA:27,3
DA:28,6
DA:29,7
DA:31,1
DA:32,0
DA:33,1
DA:34,1
DA:49,3
DA:50,1
DA:52,1
DA:53,2
DA:55,1
DA:56,1
DA:58,1
DA:59,1
DA:60,1
DA:62,1
DA:63,1
DA:69,3
DA:70,1
DA:72,1
DA:74,1
DA:75,2
DA:81,3
DA:82,1
DA:84,1
DA:85,1
DA:87,1
DA:88,1
DA:94,3
DA:95,1
DA:97,1
DA:98,2
DA:100,1
DA:102,1
DA:103,1
DA:109,3
DA:112,1
DA:113,1
DA:116,2
DA:119,1
LF:44
LH:43
end_of_record
TN:
SF:/home/tnewman/repos/dray/src/protocol/request/read.rs
FN:18,get_request_id
FN:26,try_from
FN:50,test_parse_read
FN:70,{{closure}}
FN:75,{{closure}}
FN:87,{{closure}}
FN:95,test_parse_read_with_invalid_offset
FN:109,{{closure}}
FN:124,{{closure}}
FNF:9
FNDA:1,get_request_id
FNDA:1,try_from
FNDA:3,test_parse_read
FNDA:3,{{closure}}
FNDA:3,{{closure}}
FNDA:3,{{closure}}
FNDA:3,test_parse_read_with_invalid_offset
FNDA:3,{{closure}}
FNDA:3,{{closure}}
DA:18,1
DA:19,1
DA:26,1
DA:27,3
DA:28,3
DA:29,7
DA:30,5
DA:32,1
DA:33,0
DA:34,1
DA:35,0
DA:36,0
DA:50,3
DA:51,1
DA:53,1
DA:54,2
DA:55,1
DA:56,1
DA:58,2
DA:59,1
DA:60,1
DA:62,1
DA:70,3
DA:71,1
DA:75,3
DA:76,1
DA:78,1
DA:80,1
DA:81,2
DA:87,3
DA:88,1
DA:90,1
DA:91,1
DA:95,3
DA:96,1
DA:98,1
DA:99,2
DA:100,1
DA:102,1
DA:103,1
DA:109,3
DA:110,1
DA:112,1
DA:113,2
DA:114,1
DA:115,1
DA:117,1
DA:118,1
DA:124,3
DA:127,1
DA:132,1
LF:51
LH:48
end_of_record
TN:
SF:/home/tnewman/repos/dray/src/protocol/request/rename.rs
FN:17,get_request_id
FN:25,try_from
FN:48,{{closure}}
FN:66,{{closure}}
FN:78,test_parse_rename_with_invalid_old_path
FN:91,{{closure}}
FN:105,test_get_request_id
FNF:7
FNDA:1,get_request_id
FNDA:2,try_from
FNDA:3,{{closure}}
FNDA:3,{{closure}}
FNDA:3,test_parse_rename_with_invalid_old_path
FNDA:3,{{closure}}
FNDA:3,test_get_request_id
DA:17,1
DA:18,1
DA:25,2
DA:26,3
DA:27,4
DA:28,4
DA:30,1
DA:31,0
DA:32,1
DA:33,1
DA:48,3
DA:49,1
DA:51,1
DA:52,2
DA:53,1
DA:55,2
DA:56,1
DA:57,1
DA:59,1
DA:60,1
DA:66,3
DA:67,1
DA:69,1
DA:71,1
DA:72,2
DA:78,3
DA:79,1
DA:81,1
DA:82,1
DA:84,1
DA:85,1
DA:91,3
DA:92,1
DA:94,1
DA:95,2
DA:96,1
DA:98,1
DA:99,1
DA:105,3
DA:108,1
DA:109,1
DA:112,2
LF:42
LH:41
end_of_record
TN:
SF:/home/tnewman/repos/dray/src/protocol/request/symlink.rs
FN:17,get_request_id
FN:25,try_from
FN:48,test_parse_symlink
FN:66,{{closure}}
FN:78,{{closure}}
FN:91,test_parse_symlink_with_invalid_target_path
FN:105,{{closure}}
FNF:7
FNDA:1,get_request_id
FNDA:2,try_from
FNDA:3,test_parse_symlink
FNDA:3,{{closure}}
FNDA:3,{{closure}}
FNDA:3,test_parse_symlink_with_invalid_target_path
FNDA:3,{{closure}}
DA:17,1
DA:18,1
DA:25,2
DA:26,3
DA:27,7
DA:28,6
DA:30,1
DA:31,0
DA:32,1
DA:33,1
DA:48,3
DA:49,1
DA:51,1
DA:52,2
DA:53,1
DA:55,2
DA:56,1
DA:57,1
DA:59,1
DA:60,1
DA:66,3
DA:67,1
DA:69,1
DA:71,1
DA:72,2
DA:78,3
DA:79,1
DA:81,1
DA:82,1
DA:84,1
DA:85,1
DA:91,3
DA:92,1
DA:94,1
DA:95,2
DA:96,1
DA:98,1
DA:99,1
DA:105,3
DA:108,1
DA:109,1
DA:112,2
LF:42
LH:41
end_of_record
TN:
SF:/home/tnewman/repos/dray/src/protocol/request/write.rs
FN:19,get_request_id
FN:27,try_from
FN:44,fmt
FN:65,test_parse_write
FN:88,test_parse_write_with_empty_data
FN:93,test_parse_write_with_invalid_id
FN:105,test_parse_write_with_invalid_handle
FN:118,test_parse_write_with_invalid_offset
FN:136,test_parse_write_with_invalid_data_length
FN:155,test_parse_write_with_invalid_data
FN:175,test_debug_formats_efficient_debug_string
FN:190,test_get_request_id
FNF:12
FNDA:1,get_request_id
FNDA:1,try_from
FNDA:1,fmt
FNDA:3,test_parse_write
FNDA:3,test_parse_write_with_empty_data
FNDA:3,test_parse_write_with_invalid_id
FNDA:3,test_parse_write_with_invalid_handle
FNDA:3,test_parse_write_with_invalid_offset
FNDA:3,test_parse_write_with_invalid_data_length
FNDA:3,test_parse_write_with_invalid_data
FNDA:3,test_debug_formats_efficient_debug_string
FNDA:3,test_get_request_id
DA:19,1
DA:20,1
DA:27,1
DA:28,2
DA:29,3
DA:30,6
DA:31,7
DA:32,5
DA:34,1
DA:35,0
DA:36,1
DA:37,0
DA:38,1
DA:44,1
DA:45,4
DA:46,1
DA:47,0
DA:48,1
DA:49,1
DA:65,3
DA:66,1
DA:68,1
DA:69,2
DA:70,1
DA:72,1
DA:73,2
DA:74,1
DA:76,2
DA:77,1
DA:78,1
DA:80,1
DA:82,1
DA:88,3
DA:89,1
DA:93,3
DA:94,1
DA:96,1
DA:98,1
DA:99,2
DA:105,3
DA:106,1
DA:108,1
DA:109,1
DA:111,1
DA:112,1
DA:118,3
DA:119,1
DA:121,1
DA:123,1
DA:124,1
DA:125,1
DA:127,1
DA:129,1
DA:130,1
DA:136,3
DA:137,1
DA:139,1
DA:141,1
DA:142,1
DA:143,1
DA:145,1
DA:146,1
DA:148,1
DA:149,1
DA:155,3
DA:156,1
DA:158,1
DA:160,1
DA:161,1
DA:162,1
DA:164,1
DA:165,1
DA:166,1
DA:168,1
DA:169,1
DA:175,3
DA:178,1
DA:180,1
DA:183,1
DA:185,3
DA:190,3
DA:193,1
DA:195,1
DA:198,2
LF:84
LH:81
end_of_record
TN:
SF:/home/tnewman/repos/dray/src/protocol/response/attrs.rs
FN:12,from
FN:29,{{closure}}
FNF:2
FNDA:1,from
FNDA:3,{{closure}}
DA:12,1
DA:13,1
DA:15,1
DA:16,2
DA:18,1
DA:29,3
DA:32,1
DA:42,1
DA:44,1
DA:45,2
DA:46,2
LF:11
LH:11
end_of_record
TN:
SF:/home/tnewman/repos/dray/src/protocol/response/data.rs
FN:13,from
FN:25,fmt
FN:40,test_from_creates_data_bytes
FN:55,{{closure}}
FNF:4
FNDA:1,from
FNDA:1,fmt
FNDA:3,test_from_creates_data_bytes
FNDA:3,{{closure}}
DA:13,1
DA:14,1
DA:16,1
DA:17,2
DA:18,1
DA:20,1
DA:25,1
DA:26,3
DA:27,1
DA:28,1
DA:40,3
DA:43,1
DA:46,1
DA:48,2
DA:49,2
DA:50,2
DA:51,2
DA:55,3
DA:58,1
DA:61,2
LF:20
LH:20
end_of_record
TN:
SF:/home/tnewman/repos/dray/src/protocol/response/handle.rs
FN:12,from
FN:30,test_from_creates_data_bytes
FNF:2
FNDA:1,from
FNDA:3,test_from_creates_data_bytes
DA:12,1
DA:13,1
DA:15,1
DA:16,2
DA:17,1
DA:19,1
DA:30,3
DA:33,1
DA:36,1
DA:38,2
DA:39,2
DA:40,2
LF:12
LH:12
end_of_record
TN:
SF:/home/tnewman/repos/dray/src/protocol/response/mod.rs
FN:29,build_error_response
FN:59,build_status
FN:69,from
FN:115,test_from_creates_version_bytes
FN:126,{{closure}}
FN:149,{{closure}}
FN:168,{{closure}}
FN:184,{{closure}}
FN:212,{{closure}}
FN:230,{{closure}}
FN:244,{{closure}}
FN:258,{{closure}}
FN:274,{{closure}}
FN:288,{{closure}}
FN:304,get_file_attributes
FNF:15
FNDA:2,build_error_response
FNDA:2,build_status
FNDA:1,from
FNDA:3,test_from_creates_version_bytes
FNDA:3,{{closure}}
FNDA:3,{{closure}}
FNDA:3,{{closure}}
FNDA:3,{{closure}}
FNDA:3,{{closure}}
FNDA:3,{{closure}}
FNDA:3,{{closure}}
FNDA:3,{{closure}}
FNDA:3,{{closure}}
FNDA:3,{{closure}}
FNDA:2,get_file_attributes
DA:29,2
DA:30,0
DA:32,0
DA:33,1
DA:37,0
DA:38,1
DA:42,0
DA:43,1
DA:47,0
DA:48,1
DA:52,0
DA:53,1
DA:59,2
DA:60,2
DA:61,0
DA:62,0
DA:63,2
DA:69,1
DA:70,9
DA:71,5
DA:72,1
DA:73,1
DA:74,1
DA:75,1
DA:76,1
DA:79,0
DA:80,5
DA:81,1
DA:82,1
DA:83,1
DA:84,1
DA:85,1
DA:88,5
DA:90,3
DA:91,3
DA:92,5
DA:93,5
DA:95,5
DA:97,10
DA:98,0
DA:101,0
DA:115,3
DA:116,1
DA:118,1
DA:120,2
DA:121,2
DA:122,2
DA:126,3
DA:127,1
DA:130,1
DA:133,1
DA:135,2
DA:136,2
DA:137,2
DA:138,2
DA:139,2
DA:140,2
DA:141,1
DA:142,1
DA:144,4
DA:149,3
DA:150,1
DA:152,1
DA:155,1
DA:157,2
DA:158,2
DA:159,2
DA:160,2
DA:161,1
DA:163,3
DA:168,3
DA:169,1
DA:171,1
DA:174,1
DA:176,2
DA:177,2
DA:178,2
DA:179,2
DA:180,2
DA:184,3
DA:185,1
DA:186,1
DA:188,1
DA:190,2
DA:191,1
DA:192,1
DA:196,1
DA:198,2
DA:199,2
DA:200,2
DA:201,2
DA:202,2
DA:203,2
DA:205,1
DA:206,1
DA:207,1
DA:208,1
DA:212,3
DA:213,1
DA:214,1
DA:216,1
DA:218,1
DA:221,1
DA:223,2
DA:224,2
DA:225,2
DA:226,2
DA:230,3
DA:231,1
DA:234,1
DA:237,2
DA:239,1
DA:244,3
DA:245,1
DA:248,1
DA:251,2
DA:253,1
DA:258,3
DA:259,1
DA:262,1
DA:267,2
DA:269,1
DA:274,3
DA:275,1
DA:278,1
DA:281,2
DA:283,1
DA:288,3
DA:289,1
DA:292,1
DA:295,1
DA:297,1
DA:299,1
DA:304,2
DA:307,2
DA:308,2
LF:136
LH:125
end_of_record
TN:
SF:/home/tnewman/repos/dray/src/protocol/response/name.rs
FN:17,from
FN:38,get_long_name
FN:55,decode_permissions
FN:71,decode_permission
FN:85,from
FN:109,{{closure}}
FN:124,{{closure}}
FN:140,{{closure}}
FN:156,{{closure}}
FN:172,{{closure}}
FN:188,{{closure}}
FN:204,{{closure}}
FN:220,{{closure}}
FN:237,{{closure}}
FN:253,{{closure}}
FNF:15
FNDA:1,from
FNDA:9,get_long_name
FNDA:9,decode_permissions
FNDA:9,decode_permission
FNDA:1,from
FNDA:3,{{closure}}
FNDA:3,{{closure}}
FNDA:3,{{closure}}
FNDA:3,{{closure}}
FNDA:3,{{closure}}
FNDA:3,{{closure}}
FNDA:3,{{closure}}
FNDA:3,{{closure}}
FNDA:3,{{closure}}
FNDA:3,{{closure}}
DA:17,1
DA:18,1
DA:20,1
DA:21,2
DA:23,3
DA:24,1
DA:27,1
DA:38,9
DA:39,9
DA:40,11
DA:41,22
DA:42,11
DA:44,1
DA:45,0
DA:46,11
DA:47,1
DA:49,12
DA:51,0
DA:55,9
DA:56,9
DA:58,9
DA:59,10
DA:60,10
DA:62,21
DA:63,1
DA:65,9
DA:68,20
DA:71,9
DA:72,9
DA:73,10
DA:74,10
DA:76,10
DA:77,10
DA:78,10
DA:80,10
DA:85,1
DA:86,1
DA:88,1
DA:89,2
DA:90,1
DA:92,1
DA:93,3
DA:94,2
DA:96,2
DA:98,1
DA:109,3
DA:111,1
DA:112,1
DA:117,2
DA:119,1
DA:124,3
DA:126,1
DA:127,1
DA:133,2
DA:135,1
DA:140,3
DA:142,1
DA:143,1
DA:149,2
DA:151,1
DA:156,3
DA:158,1
DA:159,1
DA:165,2
DA:167,1
DA:172,3
DA:174,1
DA:175,1
DA:181,2
DA:183,1
DA:188,3
DA:190,1
DA:191,1
DA:197,2
DA:199,1
DA:204,3
DA:206,1
DA:207,1
DA:213,2
DA:215,1
DA:220,3
DA:222,1
DA:223,1
DA:230,2
DA:232,1
DA:237,3
DA:239,1
DA:240,1
DA:246,2
DA:248,1
DA:253,3
DA:255,1
DA:256,1
DA:261,2
DA:263,2
DA:264,2
DA:265,1
DA:266,1
DA:267,1
DA:268,1
DA:269,2
DA:271,1
LF:102
LH:100
end_of_record
TN:
SF:/home/tnewman/repos/dray/src/protocol/response/status.rs
FN:26,from
FN:51,{{closure}}
FNF:2
FNDA:1,from
FNDA:3,{{closure}}
DA:26,1
DA:27,1
DA:29,1
DA:30,1
DA:32,1
DA:33,1
DA:34,1
DA:36,2
DA:37,2
DA:38,2
DA:40,2
DA:51,3
DA:55,1
DA:58,1
DA:60,2
DA:61,2
DA:62,2
DA:63,1
DA:65,3
DA:67,1
DA:68,1
DA:70,3
LF:22
LH:22
end_of_record
TN:
SF:/home/tnewman/repos/dray/src/protocol/response/version.rs
FN:10,from
FN:26,{{closure}}
FNF:2
FNDA:1,from
FNDA:3,{{closure}}
DA:10,1
DA:11,1
DA:13,1
DA:15,1
DA:26,3
DA:27,1
DA:29,1
DA:31,1
LF:8
LH:8
end_of_record
TN:
SF:/home/tnewman/repos/dray/src/sftp_session.rs
FN:21,new
FN:31,handle_request
FN:70,handle_init_request
FN:74,handle_open_request
FN:102,handle_close_request
FN:113,handle_read_request
FN:136,handle_write_request
FN:147,handle_lstat_request
FN:151,handle_fstat_request
FN:155,handle_setstat_request
FN:164,handle_fsetstat_request
FN:173,handle_opendir_request
FN:190,handle_readdir_request
FN:212,handle_remove_request
FN:223,handle_mkdir_request
FN:234,handle_rmdir_request
FN:245,handle_realpath_request
FN:271,handle_stat_request
FN:289,handle_rename_request
FN:303,handle_readlink_request
FN:312,handle_symlink_request
FN:321,build_successful_response
FN:329,build_invalid_request_message_response
FN:337,build_not_supported_response
FN:345,check_permission
FNF:25
FNDA:0,new
FNDA:0,handle_request
FNDA:0,handle_init_request
FNDA:0,handle_open_request
FNDA:0,handle_close_request
FNDA:0,handle_read_request
FNDA:0,handle_write_request
FNDA:0,handle_lstat_request
FNDA:0,handle_fstat_request
FNDA:0,handle_setstat_request
FNDA:0,handle_fsetstat_request
FNDA:0,handle_opendir_request
FNDA:0,handle_readdir_request
FNDA:0,handle_remove_request
FNDA:0,handle_mkdir_request
FNDA:0,handle_rmdir_request
FNDA:0,handle_realpath_request
FNDA:0,handle_stat_request
FNDA:0,handle_rename_request
FNDA:0,handle_readlink_request
FNDA:0,handle_symlink_request
FNDA:0,build_successful_response
FNDA:0,build_invalid_request_message_response
FNDA:0,build_not_supported_response
FNDA:0,check_permission
DA:21,0
DA:22,0
DA:31,0
DA:32,0
DA:34,0
DA:36,0
DA:37,0
DA:38,0
DA:39,0
DA:40,0
DA:41,0
DA:42,0
DA:43,0
DA:44,0
DA:45,0
DA:46,0
DA:47,0
DA:48,0
DA:49,0
DA:50,0
DA:51,0
DA:52,0
DA:53,0
DA:54,0
DA:55,0
DA:58,0
DA:59,0
DA:60,0
DA:61,0
DA:62,0
DA:66,0
DA:67,0
DA:70,0
DA:71,0
DA:74,0
DA:78,0
DA:80,0
DA:81,0
DA:82,0
DA:83,0
DA:84,0
DA:85,0
DA:86,0
DA:87,0
DA:89,0
DA:90,0
DA:91,0
DA:92,0
DA:96,0
DA:97,0
DA:98,0
DA:102,0
DA:106,0
DA:107,0
DA:108,0
DA:110,0
DA:113,0
DA:117,0
DA:118,0
DA:119,0
DA:120,0
DA:122,0
DA:123,0
DA:124,0
DA:125,0
DA:126,0
DA:129,0
DA:130,0
DA:131,0
DA:136,0
DA:140,0
DA:141,0
DA:142,0
DA:144,0
DA:147,0
DA:148,0
DA:151,0
DA:152,0
DA:155,0
DA:159,0
DA:160,0
DA:164,0
DA:168,0
DA:169,0
DA:173,0
DA:177,0
DA:179,0
DA:180,0
DA:181,0
DA:182,0
DA:184,0
DA:185,0
DA:186,0
DA:190,0
DA:194,0
DA:195,0
DA:196,0
DA:197,0
DA:199,0
DA:200,0
DA:201,0
DA:202,0
DA:203,0
DA:205,0
DA:206,0
DA:207,0
DA:212,0
DA:216,0
DA:218,0
DA:220,0
DA:223,0
DA:227,0
DA:229,0
DA:231,0
DA:234,0
DA:238,0
DA:240,0
DA:242,0
DA:245,0
DA:249,0
DA:250,0
DA:252,0
DA:255,0
DA:256,0
DA:257,0
DA:258,0
DA:259,0
DA:260,0
DA:261,0
DA:262,0
DA:263,0
DA:264,0
DA:265,0
DA:271,0
DA:275,0
DA:277,0
DA:278,0
DA:279,0
DA:280,0
DA:281,0
DA:283,0
DA:284,0
DA:285,0
DA:289,0
DA:293,0
DA:294,0
DA:296,0
DA:297,0
DA:298,0
DA:300,0
DA:303,0
DA:307,0
DA:308,0
DA:312,0
DA:316,0
DA:317,0
DA:321,0
DA:322,0
DA:323,0
DA:324,0
DA:325,0
DA:329,0
DA:330,0
DA:331,0
DA:332,0
DA:333,0
DA:337,0
DA:338,0
DA:339,0
DA:340,0
DA:341,0
DA:345,0
DA:346,0
DA:347,0
DA:348,0
LF:175
LH:0
end_of_record
TN:
SF:/home/tnewman/repos/dray/src/ssh_keys.rs
FN:1,parse_authorized_keys
FN:5,{{closure}}
FN:6,{{closure}}
FN:16,{{closure}}
FN:25,{{closure}}
FN:35,{{closure}}
FN:44,{{closure}}
FN:53,{{closure}}
FNF:8
FNDA:1,parse_authorized_keys
FNDA:4,{{closure}}
FNDA:1,{{closure}}
FNDA:2,{{closure}}
FNDA:3,{{closure}}
FNDA:3,{{closure}}
FNDA:3,{{closure}}
FNDA:3,{{closure}}
DA:1,1
DA:2,2
DA:5,4
DA:6,1
DA:7,2
DA:9,2
DA:10,6
DA:11,2
DA:12,1
DA:16,2
DA:25,3
DA:26,1
DA:29,1
DA:31,1
DA:35,3
DA:36,1
DA:38,1
DA:40,1
DA:44,3
DA:45,1
DA:47,1
DA:49,1
DA:53,3
DA:54,1
DA:56,1
DA:58,1
LF:26
LH:26
end_of_record
TN:
SF:/home/tnewman/repos/dray/src/storage/handle.rs
FN:14,new<core::pin::Pin<alloc::boxed::Box<AsyncRead, alloc::alloc::Global>>,dray::storage::s3::WriteHandle,dray::storage::s3::DirHandle>
FN:22,create_dir_handle<core::pin::Pin<alloc::boxed::Box<AsyncRead, alloc::alloc::Global>>,dray::storage::s3::WriteHandle,dray::storage::s3::DirHandle>
FN:48,create_write_handle<core::pin::Pin<alloc::boxed::Box<AsyncRead, alloc::alloc::Global>>,dray::storage::s3::WriteHandle,dray::storage::s3::DirHandle>
FN:61,get_dir_handle<core::pin::Pin<alloc::boxed::Box<AsyncRead, alloc::alloc::Global>>,dray::storage::s3::WriteHandle,dray::storage::s3::DirHandle>
FN:65,get_read_handle<core::pin::Pin<alloc::boxed::Box<AsyncRead, alloc::alloc::Global>>,dray::storage::s3::WriteHandle,dray::storage::s3::DirHandle>
FN:69,get_write_handle<core::pin::Pin<alloc::boxed::Box<AsyncRead, alloc::alloc::Global>>,dray::storage::s3::WriteHandle,dray::storage::s3::DirHandle>
FN:73,remove_handle<core::pin::Pin<alloc::boxed::Box<AsyncRead, alloc::alloc::Global>>,dray::storage::s3::WriteHandle,dray::storage::s3::DirHandle>
FN:79,check_handle_capacity<core::pin::Pin<alloc::boxed::Box<AsyncRead, alloc::alloc::Global>>,dray::storage::s3::WriteHandle,dray::storage::s3::DirHandle>
FN:101,generate_handle_id
FN:110,{{closure}}
FN:122,{{closure}}
FN:138,{{closure}}
FN:152,{{closure}}
FN:162,{{closure}}
FN:177,{{closure}}
FN:193,{{closure}}
FN:207,{{closure}}
FN:217,{{closure}}
FN:232,{{closure}}
FN:248,{{closure}}
FN:262,{{closure}}
FN:272,{{closure}}
FN:284,{{closure}}
FNF:23
FNDA:2,new<core::pin::Pin<alloc::boxed::Box<AsyncRead, alloc::alloc::Global>>,dray::storage::s3::WriteHandle,dray::storage::s3::DirHandle>
FNDA:11,create_dir_handle<core::pin::Pin<alloc::boxed::Box<AsyncRead, alloc::alloc::Global>>,dray::storage::s3::WriteHandle,dray::storage::s3::DirHandle>
FNDA:14,create_write_handle<core::pin::Pin<alloc::boxed::Box<AsyncRead, alloc::alloc::Global>>,dray::storage::s3::WriteHandle,dray::storage::s3::DirHandle>
FNDA:4,get_dir_handle<core::pin::Pin<alloc::boxed::Box<AsyncRead, alloc::alloc::Global>>,dray::storage::s3::WriteHandle,dray::storage::s3::DirHandle>
FNDA:4,get_read_handle<core::pin::Pin<alloc::boxed::Box<AsyncRead, alloc::alloc::Global>>,dray::storage::s3::WriteHandle,dray::storage::s3::DirHandle>
FNDA:4,get_write_handle<core::pin::Pin<alloc::boxed::Box<AsyncRead, alloc::alloc::Global>>,dray::storage::s3::WriteHandle,dray::storage::s3::DirHandle>
FNDA:4,remove_handle<core::pin::Pin<alloc::boxed::Box<AsyncRead, alloc::alloc::Global>>,dray::storage::s3::WriteHandle,dray::storage::s3::DirHandle>
FNDA:9,check_handle_capacity<core::pin::Pin<alloc::boxed::Box<AsyncRead, alloc::alloc::Global>>,dray::storage::s3::WriteHandle,dray::storage::s3::DirHandle>
FNDA:1,generate_handle_id
FNDA:6,{{closure}}
FNDA:6,{{closure}}
FNDA:6,{{closure}}
FNDA:6,{{closure}}
FNDA:6,{{closure}}
FNDA:6,{{closure}}
FNDA:6,{{closure}}
FNDA:6,{{closure}}
FNDA:6,{{closure}}
FNDA:6,{{closure}}
FNDA:6,{{closure}}
FNDA:6,{{closure}}
FNDA:6,{{closure}}
FNDA:3,{{closure}}
DA:14,2
DA:16,2
DA:17,2
DA:18,3
DA:22,11
DA:23,13
DA:25,3
DA:27,9
DA:29,0
DA:30,9
DA:32,3
DA:35,8
DA:36,6
DA:38,2
DA:40,4
DA:42,0
DA:43,5
DA:45,1
DA:48,14
DA:49,13
DA:51,3
DA:53,9
DA:55,0
DA:56,9
DA:58,3
DA:61,4
DA:62,4
DA:65,4
DA:66,4
DA:69,4
DA:70,4
DA:73,4
DA:74,4
DA:75,2
DA:76,1
DA:79,9
DA:80,6
DA:81,6
DA:82,1
DA:84,5
DA:86,5
DA:87,9
DA:88,2
DA:96,0
DA:97,0
DA:101,1
DA:102,1
DA:110,6
DA:111,1
DA:113,3
DA:114,1
DA:118,5
DA:122,6
DA:123,1
DA:125,1
DA:127,5
DA:128,1
DA:129,1
DA:131,1
DA:134,4
DA:138,6
DA:139,1
DA:141,3
DA:142,1
DA:145,3
DA:147,3
DA:148,4
DA:152,6
DA:153,1
DA:155,6
DA:162,6
DA:163,1
DA:165,3
DA:166,1
DA:170,3
DA:171,2
DA:173,5
DA:177,6
DA:178,1
DA:180,1
DA:182,5
DA:183,1
DA:184,1
DA:186,1
DA:189,4
DA:193,6
DA:194,1
DA:196,3
DA:197,1
DA:200,3
DA:202,3
DA:203,4
DA:207,6
DA:208,1
DA:210,6
DA:217,6
DA:218,1
DA:220,3
DA:221,1
DA:225,3
DA:226,2
DA:228,5
DA:232,6
DA:233,1
DA:235,1
DA:237,5
DA:238,1
DA:239,1
DA:241,1
DA:244,4
DA:248,6
DA:249,1
DA:251,3
DA:252,1
DA:255,3
DA:257,3
DA:258,4
DA:262,6
DA:263,1
DA:265,6
DA:272,6
DA:273,1
DA:275,4
DA:277,4
DA:284,3
DA:285,1
DA:287,1
LF:127
LH:122
end_of_record
TN:
SF:/home/tnewman/repos/dray/src/storage/s3.rs
FN:53,new
FN:71,create_storage
FN:83,new
FN:92,initialize_bucket
FN:94,complete_part_upload
FN:123,rename_file
FN:139,rename_dir
FN:161,{{closure}}
FN:181,init
FN:205,get_home
FN:209,health_check
FN:221,get_authorized_keys_fingerprints
FN:245,open_dir_handle
FN:255,read_dir
FN:287,create_dir
FN:296,remove_dir
FN:315,{{closure}}
FN:330,get_file_metadata
FN:352,open_read_handle
FN:365,{{closure}}
FN:373,read_data
FN:392,open_write_handle
FN:408,write_data
FN:426,close_handle
FN:450,remove_file
FN:463,rename
FN:488,get_home
FN:492,get_s3_prefix
FN:500,get_s3_copy_source
FN:504,map_list_objects_to_files
FN:516,map_object_to_file
FN:538,map_prefix_to_file
FN:564,map_head_object_to_file
FN:583,create_file_with_directory_bit
FN:600,map_rfc3339_to_epoch
FN:604,{{closure}}
FN:609,map_create_multipart_response_to_write_handle
FN:630,get_default_endpoint_region
FN:634,map_err<rusoto_s3::generated::DeleteObjectError>
FN:667,test_get_home_returns_users_home_directory
FN:672,test_get_default_endpoint_region
FN:677,test_get_s3_prefix_converts_unix_absolute_directory
FN:682,test_get_s3_copy_source
FN:687,test_get_s3_prefix_converts_blank_directory
FN:692,test_map_list_objects_to_files
FN:742,test_map_list_objects_to_files_with_missing_data
FN:753,test_map_object_to_file_with_missing_data
FN:775,test_map_prefix_to_file_with_missing_data
FN:795,test_map_head_object_to_file
FN:817,test_create_file_with_directory_bit
FN:835,test_map_rfc3339_to_epoch_maps_valid_date
FN:843,test_map_rfc3339_to_epoch_maps_none_to_unix_epoch
FN:848,test_map_rfc3339_to_epoch_maps_invalid_date_to_unix_epoch
FN:856,test_map_create_multipart_response_to_write_handle
FN:873,test_map_create_multipart_response_to_write_handle_with_missing_multipart_id
FN:883,test_map_create_multipart_response_to_write_handle_with_missing_key
FN:893,test_map_err_maps_404_to_no_such_file
FN:904,test_map_err_maps_missing_key_to_no_such_file
FN:913,test_map_error_maps_error_code_to_storage_error
FN:927,test_map_err_maps_unknown_service_error_to_storage_error
FN:939,test_map_error_maps_generic_error_to_storage_error
FNF:61
FNDA:1,new
FNDA:1,create_storage
FNDA:1,new
FNDA:0,initialize_bucket
FNDA:0,complete_part_upload
FNDA:0,rename_file
FNDA:0,rename_dir
FNDA:0,{{closure}}
FNDA:6,init
FNDA:0,get_home
FNDA:6,health_check
FNDA:0,get_authorized_keys_fingerprints
FNDA:0,open_dir_handle
FNDA:0,read_dir
FNDA:0,create_dir
FNDA:0,remove_dir
FNDA:0,{{closure}}
FNDA:0,get_file_metadata
FNDA:0,open_read_handle
FNDA:0,{{closure}}
FNDA:0,read_data
FNDA:0,open_write_handle
FNDA:0,write_data
FNDA:0,close_handle
FNDA:0,remove_file
FNDA:0,rename
FNDA:1,get_home
FNDA:2,get_s3_prefix
FNDA:1,get_s3_copy_source
FNDA:1,map_list_objects_to_files
FNDA:1,map_object_to_file
FNDA:1,map_prefix_to_file
FNDA:1,map_head_object_to_file
FNDA:1,create_file_with_directory_bit
FNDA:1,map_rfc3339_to_epoch
FNDA:2,{{closure}}
FNDA:2,map_create_multipart_response_to_write_handle
FNDA:2,get_default_endpoint_region
FNDA:2,map_err<rusoto_s3::generated::DeleteObjectError>
FNDA:3,test_get_home_returns_users_home_directory
FNDA:3,test_get_default_endpoint_region
FNDA:3,test_get_s3_prefix_converts_unix_absolute_directory
FNDA:3,test_get_s3_copy_source
FNDA:3,test_get_s3_prefix_converts_blank_directory
FNDA:3,test_map_list_objects_to_files
FNDA:3,test_map_list_objects_to_files_with_missing_data
FNDA:3,test_map_object_to_file_with_missing_data
FNDA:3,test_map_prefix_to_file_with_missing_data
FNDA:3,test_map_head_object_to_file
FNDA:3,test_create_file_with_directory_bit
FNDA:3,test_map_rfc3339_to_epoch_maps_valid_date
FNDA:3,test_map_rfc3339_to_epoch_maps_none_to_unix_epoch
FNDA:3,test_map_rfc3339_to_epoch_maps_invalid_date_to_unix_epoch
FNDA:3,test_map_create_multipart_response_to_write_handle
FNDA:3,test_map_create_multipart_response_to_write_handle_with_missing_multipart_id
FNDA:3,test_map_create_multipart_response_to_write_handle_with_missing_key
FNDA:3,test_map_err_maps_404_to_no_such_file
FNDA:3,test_map_err_maps_missing_key_to_no_such_file
FNDA:3,test_map_error_maps_error_code_to_storage_error
FNDA:3,test_map_err_maps_unknown_service_error_to_storage_error
FNDA:3,test_map_error_maps_generic_error_to_storage_error
DA:53,1
DA:54,2
DA:56,1
DA:57,1
DA:59,0
DA:63,1
DA:64,1
DA:71,1
DA:72,1
DA:83,1
DA:87,1
DA:92,0
DA:94,0
DA:98,0
DA:100,0
DA:101,0
DA:102,0
DA:103,0
DA:104,0
DA:105,0
DA:106,0
DA:107,0
DA:108,0
DA:110,0
DA:111,0
DA:113,0
DA:114,0
DA:115,0
DA:118,0
DA:120,0
DA:123,0
DA:124,0
DA:125,0
DA:126,0
DA:127,0
DA:128,0
DA:129,0
DA:131,0
DA:132,0
DA:134,0
DA:136,0
DA:139,0
DA:140,0
DA:141,0
DA:143,0
DA:145,0
DA:146,0
DA:147,0
DA:148,0
DA:149,0
DA:150,0
DA:151,0
DA:152,0
DA:153,0
DA:155,0
DA:156,0
DA:158,0
DA:160,0
DA:161,0
DA:163,0
DA:164,0
DA:166,0
DA:170,0
DA:171,0
DA:175,0
DA:181,6
DA:182,6
DA:183,0
DA:184,1
DA:185,1
DA:186,1
DA:188,1
DA:190,1
DA:191,2
DA:192,0
DA:193,0
DA:194,0
DA:195,0
DA:196,0
DA:198,0
DA:199,0
DA:200,0
DA:205,0
DA:206,0
DA:209,6
DA:210,4
DA:211,1
DA:212,1
DA:213,1
DA:215,0
DA:216,2
DA:218,1
DA:221,0
DA:222,0
DA:224,0
DA:225,0
DA:226,0
DA:227,0
DA:228,0
DA:229,0
DA:231,0
DA:232,0
DA:234,0
DA:235,0
DA:236,0
DA:239,0
DA:240,0
DA:242,0
DA:245,0
DA:246,0
DA:247,0
DA:248,0
DA:249,0
DA:250,0
DA:252,0
DA:255,0
DA:256,0
DA:257,0
DA:258,0
DA:261,0
DA:263,0
DA:264,0
DA:267,0
DA:269,0
DA:270,0
DA:271,0
DA:272,0
DA:273,0
DA:274,0
DA:275,0
DA:276,0
DA:278,0
DA:279,0
DA:281,0
DA:282,0
DA:284,0
DA:287,0
DA:293,0
DA:296,0
DA:297,0
DA:299,0
DA:300,0
DA:301,0
DA:302,0
DA:303,0
DA:304,0
DA:305,0
DA:306,0
DA:307,0
DA:309,0
DA:310,0
DA:312,0
DA:314,0
DA:315,0
DA:317,0
DA:318,0
DA:322,0
DA:323,0
DA:327,0
DA:330,0
DA:331,0
DA:332,0
DA:333,0
DA:334,0
DA:335,0
DA:336,0
DA:338,0
DA:339,0
DA:341,0
DA:342,0
DA:343,0
DA:345,0
DA:346,0
DA:347,0
DA:352,0
DA:353,0
DA:354,0
DA:355,0
DA:356,0
DA:357,0
DA:358,0
DA:360,0
DA:361,0
DA:363,0
DA:364,0
DA:365,0
DA:368,0
DA:369,0
DA:370,0
DA:373,0
DA:374,0
DA:375,0
DA:376,0
DA:379,0
DA:381,0
DA:383,0
DA:385,0
DA:386,0
DA:387,0
DA:389,0
DA:392,0
DA:393,0
DA:394,0
DA:395,0
DA:396,0
DA:397,0
DA:398,0
DA:400,0
DA:401,0
DA:403,0
DA:405,0
DA:408,0
DA:409,0
DA:410,0
DA:411,0
DA:414,0
DA:416,0
DA:418,0
DA:419,0
DA:420,0
DA:423,0
DA:426,0
DA:427,0
DA:428,0
DA:430,0
DA:432,0
DA:433,0
DA:434,0
DA:435,0
DA:436,0
DA:437,0
DA:438,0
DA:440,0
DA:442,0
DA:443,0
DA:446,0
DA:447,0
DA:450,0
DA:451,0
DA:452,0
DA:453,0
DA:454,0
DA:455,0
DA:457,0
DA:458,0
DA:460,0
DA:463,0
DA:464,0
DA:466,0
DA:467,0
DA:468,0
DA:471,0
DA:488,1
DA:489,1
DA:492,2
DA:493,3
DA:495,2
DA:500,1
DA:501,1
DA:504,1
DA:505,1
DA:507,1
DA:509,5
DA:511,3
DA:513,1
DA:516,1
DA:517,3
DA:518,3
DA:519,1
DA:522,1
DA:523,1
DA:526,1
DA:527,1
DA:538,1
DA:539,0
DA:540,2
DA:541,1
DA:542,1
DA:543,2
DA:545,1
DA:548,1
DA:549,1
DA:552,1
DA:553,1
DA:564,1
DA:565,1
DA:566,1
DA:569,1
DA:570,1
DA:583,1
DA:584,1
DA:585,1
DA:588,1
DA:589,1
DA:600,1
DA:601,2
DA:602,1
DA:604,2
DA:609,2
DA:612,7
DA:613,5
DA:614,2
DA:617,3
DA:618,3
DA:619,2
DA:622,1
DA:623,1
DA:624,1
DA:625,1
DA:626,1
DA:630,2
DA:634,2
DA:636,3
DA:637,4
DA:638,1
DA:640,2
DA:643,1
DA:644,4
DA:645,1
DA:647,0
DA:649,1
DA:650,1
DA:654,2
DA:667,3
DA:668,1
DA:672,3
DA:673,1
DA:677,3
DA:678,2
DA:682,3
DA:683,1
DA:687,3
DA:688,2
DA:692,3
DA:694,2
DA:698,3
DA:704,2
DA:708,1
DA:710,1
DA:711,1
DA:712,1
DA:713,1
DA:714,1
DA:715,1
DA:716,1
DA:717,1
DA:718,1
DA:719,1
DA:720,1
DA:723,1
DA:725,1
DA:726,1
DA:727,1
DA:728,1
DA:729,1
DA:730,1
DA:731,1
DA:732,1
DA:733,1
DA:734,1
DA:737,1
DA:742,3
DA:747,1
DA:749,2
DA:753,3
DA:758,1
DA:759,1
DA:760,1
DA:761,1
DA:762,1
DA:763,1
DA:764,1
DA:765,1
DA:766,1
DA:767,1
DA:770,1
DA:775,3
DA:776,1
DA:778,1
DA:779,1
DA:780,1
DA:781,1
DA:782,1
DA:783,1
DA:784,1
DA:785,1
DA:786,1
DA:787,1
DA:790,1
DA:795,3
DA:800,1
DA:801,1
DA:802,1
DA:803,1
DA:804,1
DA:805,1
DA:806,1
DA:807,1
DA:808,1
DA:809,1
DA:812,1
DA:817,3
DA:818,2
DA:819,1
DA:820,1
DA:821,1
DA:822,1
DA:823,1
DA:824,1
DA:825,1
DA:826,1
DA:827,1
DA:830,1
DA:835,3
DA:836,1
DA:838,2
DA:843,3
DA:844,1
DA:848,3
DA:849,1
DA:851,2
DA:856,3
DA:858,1
DA:859,1
DA:863,1
DA:866,1
DA:867,2
DA:868,2
DA:869,2
DA:873,3
DA:875,1
DA:879,2
DA:883,3
DA:885,1
DA:889,2
DA:893,3
DA:894,1
DA:896,1
DA:897,1
DA:900,2
DA:904,3
DA:905,1
DA:906,1
DA:909,1
DA:913,3
DA:914,2
DA:916,1
DA:917,1
DA:920,1
DA:921,2
DA:922,1
DA:927,3
DA:929,1
DA:932,1
DA:933,1
DA:934,1
DA:939,3
DA:940,0
DA:941,1
DA:942,1
LF:460
LH:230
end_of_record
TN:
SF:/home/tnewman/repos/dray/src/try_buf.rs
FN:21,try_get_u8<bytes::bytes::Bytes>
FN:29,try_get_u32<bytes::bytes::Bytes>
FN:37,try_get_u64<bytes::bytes::Bytes>
FN:45,try_get_bytes<bytes::bytes::Bytes>
FN:58,try_get_string<bytes::bytes::Bytes>
FN:96,{{closure}}
FN:103,{{closure}}
FN:108,{{closure}}
FN:115,{{closure}}
FN:122,{{closure}}
FN:129,{{closure}}
FN:136,{{closure}}
FN:146,{{closure}}
FN:153,{{closure}}
FN:160,{{closure}}
FN:167,{{closure}}
FN:174,{{closure}}
FN:181,{{closure}}
FNF:18
FNDA:3,try_get_u8<bytes::bytes::Bytes>
FNDA:5,try_get_u32<bytes::bytes::Bytes>
FNDA:2,try_get_u64<bytes::bytes::Bytes>
FNDA:5,try_get_bytes<bytes::bytes::Bytes>
FNDA:3,try_get_string<bytes::bytes::Bytes>
FNDA:3,{{closure}}
FNDA:3,{{closure}}
FNDA:3,{{closure}}
FNDA:3,{{closure}}
FNDA:3,{{closure}}
FNDA:3,{{closure}}
FNDA:3,{{closure}}
FNDA:3,{{closure}}
FNDA:3,{{closure}}
FNDA:3,{{closure}}
FNDA:3,{{closure}}
FNDA:3,{{closure}}
FNDA:3,{{closure}}
DA:21,3
DA:22,4
DA:23,2
DA:26,4
DA:29,5
DA:30,5
DA:31,4
DA:34,10
DA:37,2
DA:38,2
DA:39,2
DA:42,4
DA:45,5
DA:46,5
DA:47,12
DA:48,0
DA:51,12
DA:52,3
DA:55,8
DA:58,3
DA:59,7
DA:60,10
DA:62,13
DA:63,9
DA:64,1
DA:67,4
DA:76,4
DA:77,4
DA:79,4
DA:80,7
DA:81,0
DA:84,4
DA:85,4
DA:87,4
DA:96,3
DA:97,1
DA:99,2
DA:103,3
DA:104,1
DA:108,3
DA:109,1
DA:111,2
DA:115,3
DA:116,1
DA:118,2
DA:122,3
DA:123,1
DA:125,2
DA:129,3
DA:130,1
DA:132,2
DA:136,3
DA:137,1
DA:139,1
DA:140,1
DA:141,2
DA:146,3
DA:147,1
DA:149,2
DA:153,3
DA:154,1
DA:156,4
DA:160,3
DA:161,1
DA:163,3
DA:167,3
DA:168,1
DA:170,3
DA:174,3
DA:175,1
DA:177,3
DA:181,3
DA:182,1
DA:184,1
DA:185,1
DA:187,2
DA:188,1
DA:189,2
LF:78
LH:76
end_of_record
TN:
SF:/home/tnewman/repos/dray/tests/integration_test.rs
FN:8,setup
FN:37,wait_for_server_listening
FN:51,test_list_directory
FNF:3
FNDA:1,setup
FNDA:1,wait_for_server_listening
FNDA:3,test_list_directory
DA:8,1
DA:9,2
DA:10,1
DA:21,1
DA:23,1
DA:24,2
DA:26,3
DA:28,1
DA:30,2
DA:31,1
DA:32,1
DA:34,1
DA:37,1
DA:38,3
DA:39,1
DA:40,1
DA:41,1
DA:44,1
DA:45,0
DA:51,3
DA:52,1
LF:21
LH:20
end_of_record
